0 info it worked if it ends with ok
1 verbose cli [ 'C:\\Program Files\\nodejs\\node.exe',
1 verbose cli   'C:\\Program Files\\nodejs\\node_modules\\npm\\bin\\npm-cli.js',
1 verbose cli   'start' ]
2 info using npm@3.3.6
3 info using node@v5.0.0
4 verbose run-script [ 'prestart', 'start', 'poststart' ]
5 info lifecycle tarefas-backend@1.0.0~prestart: tarefas-backend@1.0.0
6 silly lifecycle tarefas-backend@1.0.0~prestart: no script for prestart, continuing
7 info lifecycle tarefas-backend@1.0.0~start: tarefas-backend@1.0.0
8 verbose lifecycle tarefas-backend@1.0.0~start: unsafe-perm in lifecycle true
9 verbose lifecycle tarefas-backend@1.0.0~start: PATH: C:\ProgramData\nvm\v5.0.0\node_modules\npm\bin\node-gyp-bin;C:\Users\Thiago\Desktop\tarefas\tarefas_academicas\server\node_modules\.bin;C:\Users\Thiago\bin;C:\Program Files\Git\mingw64\bin;C:\Program Files\Git\usr\local\bin;C:\Program Files\Git\usr\bin;C:\Program Files\Git\usr\bin;C:\Program Files\Git\mingw64\bin;C:\Program Files\Git\usr\bin;C:\Users\Thiago\bin;C:\Program Files (x86)\Common Files\Oracle\Java\javapath;C:\Windows\system32;C:\Windows;C:\Windows\System32\Wbem;C:\Windows\System32\WindowsPowerShell\v1.0;C:\Windows\System32\OpenSSH;C:\ProgramData\chocolatey\bin;C:\Program Files\Microsoft VS Code\bin;C:\Program Files (x86)\Microsoft SQL Server\150\Tools\Binn;C:\Program Files\Microsoft SQL Server\150\Tools\Binn;C:\Program Files (x86)\Microsoft SQL Server\150\DTS\Binn;C:\Program Files\Microsoft SQL Server\150\DTS\Binn;C:\Program Files\Microsoft SQL Server\Client SDK\ODBC\170\Tools\Binn;C:\Program Files\Azure Data Studio\bin;C:\Program Files\dotnet;C:\Program Files\Microsoft SQL Server\130\Tools\Binn;C:\Users\Thiago\AppData\Local\Programs\Python\Python39\Scripts;C:\Program Files\Git\cmd;C:\ProgramData\nvm;C:\Program Files\nodejs;C:\Users\Thiago\AppData\Local\Microsoft\WindowsApps;C:\Program Files\Azure Data Studio\bin;C:\Users\Thiago\.dotnet\tools;C:\Program Files\Java\jre1.8.0_301\lib;C:\xampp\mysql\bin;C:\Program Files\Git\usr\bin\vendor_perl;C:\Program Files\Git\usr\bin\core_perl
10 verbose lifecycle tarefas-backend@1.0.0~start: CWD: C:\Users\Thiago\Desktop\tarefas\tarefas_academicas\server
11 silly lifecycle tarefas-backend@1.0.0~start: Args: [ '/d /s /c', 'nodemon server.js' ]
12 silly lifecycle tarefas-backend@1.0.0~start: Returned: code: 1  signal: null
13 info lifecycle tarefas-backend@1.0.0~start: Failed to exec start script
14 verbose stack Error: tarefas-backend@1.0.0 start: `nodemon server.js`
14 verbose stack Exit status 1
14 verbose stack     at EventEmitter.<anonymous> (C:\ProgramData\nvm\v5.0.0\node_modules\npm\lib\utils\lifecycle.js:233:16)
14 verbose stack     at emitTwo (events.js:87:13)
14 verbose stack     at EventEmitter.emit (events.js:172:7)
14 verbose stack     at ChildProcess.<anonymous> (C:\ProgramData\nvm\v5.0.0\node_modules\npm\lib\utils\spawn.js:24:14)
14 verbose stack     at emitTwo (events.js:87:13)
14 verbose stack     at ChildProcess.emit (events.js:172:7)
14 verbose stack     at maybeClose (internal/child_process.js:818:16)
14 verbose stack     at Process.ChildProcess._handle.onexit (internal/child_process.js:211:5)
15 verbose pkgid tarefas-backend@1.0.0
16 verbose cwd C:\Users\Thiago\Desktop\tarefas\tarefas_academicas\server
17 error Windows_NT 10.0.18363
18 error argv "C:\\Program Files\\nodejs\\node.exe" "C:\\Program Files\\nodejs\\node_modules\\npm\\bin\\npm-cli.js" "start"
19 error node v5.0.0
20 error npm  v3.3.6
21 error code ELIFECYCLE
22 error tarefas-backend@1.0.0 start: `nodemon server.js`
22 error Exit status 1
23 error Failed at the tarefas-backend@1.0.0 start script 'nodemon server.js'.
23 error This is most likely a problem with the tarefas-backend package,
23 error not with npm itself.
23 error Tell the author that this fails on your system:
23 error     nodemon server.js
23 error You can get their info via:
23 error     npm owner ls tarefas-backend
23 error There is likely additional logging output above.
24 verbose exit [ 1, true ]
